<?xml version="1.0" encoding="UTF-8"?>
<!-- Generated by org.testng.reporters.JUnitReportReporter -->
<testsuite hostname="RAJU" failures="0" tests="3" name="com.OranageHRMTestCases.OHRM_AddEmployee" time="12.733" errors="0" timestamp="2023-03-16T21:00:07 IST" skipped="0">
  <testcase classname="com.OranageHRMTestCases.OHRM_AddEmployee" name="AddEmployee" time="0.011"/>
  <system-out/>
  <testcase classname="com.OranageHRMTestCases.OHRM_AddEmployee" name="LoginfuctionaltyTest" time="9.716"/>
  <system-out/>
  <testcase classname="com.OranageHRMTestCases.OHRM_AddEmployee" name="LogoutTest" time="3.006"/>
  <system-out/>
</testsuite> <!-- com.OranageHRMTestCases.OHRM_AddEmployee -->
