<?xml version="1.0" encoding="UTF-8"?>
<!-- Generated by org.testng.reporters.JUnitReportReporter -->
<testsuite hostname="RAJU" failures="0" tests="3" name="com.OranageHRMTestCases.OrangeHRM_LogInTest" time="5.452" errors="0" timestamp="2023-03-16T21:00:07 IST" skipped="0">
  <testcase classname="com.OranageHRMTestCases.OrangeHRM_LogInTest" name="LoginPanelTest" time="0.188"/>
  <system-out/>
  <testcase classname="com.OranageHRMTestCases.OrangeHRM_LogInTest" name="LoginFuctionalityTest" time="3.830"/>
  <system-out/>
  <testcase classname="com.OranageHRMTestCases.OrangeHRM_LogInTest" name="LogOutTest" time="1.434"/>
  <system-out/>
</testsuite> <!-- com.OranageHRMTestCases.OrangeHRM_LogInTest -->
