<?xml version="1.0" encoding="UTF-8"?>
<!-- Generated by org.testng.reporters.JUnitReportReporter -->
<testsuite hostname="RAJU" failures="0" tests="2" name="com.OrangeApplicationTestCases.LoginFuctionalityTest" time="24.706" errors="0" timestamp="2023-03-09T17:20:16 IST" skipped="0">
  <testcase classname="com.OrangeApplicationTestCases.LoginFuctionalityTest" name="validatingLoginText" time="1.572"/>
  <system-out/>
  <testcase classname="com.OrangeApplicationTestCases.LoginFuctionalityTest" name="validateloginfuctionalitytest" time="23.134"/>
  <system-out/>
</testsuite> <!-- com.OrangeApplicationTestCases.LoginFuctionalityTest -->
